ERROR: SystemError: opening file "/mnt/local_partition/Documents/src/julia/mine/TableDirectories/deps/docs/make.jl": No such file or directory
Stacktrace:
  [1] systemerror(p::String, errno::Int32; extrainfo::Nothing)
    @ Base ./error.jl:174
  [2] #systemerror#68
    @ ./error.jl:173 [inlined]
  [3] systemerror
    @ ./error.jl:173 [inlined]
  [4] open(fname::String; lock::Bool, read::Nothing, write::Nothing, create::Nothing, truncate::Nothing, append::Nothing)
    @ Base ./iostream.jl:293
  [5] open
    @ ./iostream.jl:282 [inlined]
  [6] open(f::Base.var"#364#365"{String}, args::String; kwargs::Base.Pairs{Symbol, Union{}, Tuple{}, NamedTuple{(), Tuple{}}})
    @ Base ./io.jl:328
  [7] open
    @ ./io.jl:328 [inlined]
  [8] read
    @ ./io.jl:436 [inlined]
  [9] _include(mapexpr::Function, mod::Module, _path::String)
    @ Base ./loading.jl:1249
 [10] include(mod::Module, _path::String)
    @ Base ./Base.jl:418
 [11] exec_options(opts::Base.JLOptions)
    @ Base ./client.jl:292
 [12] _start()
    @ Base ./client.jl:495
ERROR: LoadError: failed process: Process(`julia docs/make.jl`, ProcessExited(1)) [1]

Stacktrace:
 [1] pipeline_error
   @ ./process.jl:531 [inlined]
 [2] run(::Cmd; wait::Bool)
   @ Base ./process.jl:446
 [3] run(::Cmd)
   @ Base ./process.jl:444
 [4] top-level scope
   @ /mnt/local_partition/Documents/src/julia/mine/TableDirectories/deps/build.jl:2
 [5] include(fname::String)
   @ Base.MainInclude ./client.jl:451
 [6] top-level scope
   @ none:5
in expression starting at /mnt/local_partition/Documents/src/julia/mine/TableDirectories/deps/build.jl:2
I am being built...
